{
  "0 debug pnpm:scope": {
    "selected": 1
  },
  "1 warn pnpm": {
    "message": "Unsupported engine: wanted: {\"node\":\"12.8.x\"} (current: {\"node\":\"v16.6.0\",\"pnpm\":\"6.11.5\"})",
    "prefix": "/Users/norton/src/istodayprime-express"
  },
  "2 info pnpm": {
    "err": {
      "name": "Error",
      "message": "Command failed with ENOENT: oi\nspawn oi ENOENT",
      "code": "ENOENT",
      "stack": "Error: Command failed with ENOENT: oi\nspawn oi ENOENT\n    at Process.ChildProcess._handle.onexit (node:internal/child_process:282:19)\n    at onErrorNT (node:internal/child_process:480:16)\n    at processTicksAndRejections (node:internal/process/task_queues:83:21)"
    }
  },
  "3 error pnpm": {
    "errno": -2,
    "code": "ERR_PNPM_RECURSIVE_EXEC_FIRST_FAIL",
    "syscall": "spawn oi",
    "path": "oi",
    "spawnargs": [],
    "originalMessage": "spawn oi ENOENT",
    "shortMessage": "Command failed with ENOENT: oi\nspawn oi ENOENT",
    "command": "oi",
    "escapedCommand": "oi",
    "failed": true,
    "timedOut": false,
    "isCanceled": false,
    "killed": false,
    "prefix": "/Users/norton/src/istodayprime-express",
    "err": {
      "name": "Error",
      "message": "Command failed with ENOENT: oi\nspawn oi ENOENT",
      "code": "ERR_PNPM_RECURSIVE_EXEC_FIRST_FAIL",
      "stack": "Error: Command failed with ENOENT: oi\nspawn oi ENOENT\n    at Process.ChildProcess._handle.onexit (node:internal/child_process:282:19)\n    at onErrorNT (node:internal/child_process:480:16)\n    at processTicksAndRejections (node:internal/process/task_queues:83:21)"
    }
  }
}